SET
SET
SET
psql:shibin.sql:13: ERROR:  unrecognized configuration parameter "transaction_timeout"
SET
SET
 set_config 
------------
 
(1 row)

SET
SET
SET
SET
COPY 0
COPY 14
COPY 16
COPY 0
COPY 9
COPY 5
COPY 70
COPY 0
COPY 23
COPY 0
COPY 12
COPY 4
COPY 5
psql:shibin.sql:324: ERROR:  invalid input syntax for type integer: "aa142d"
CONTEXT:  COPY employees_combined, line 7, column employee_id: "aa142d"
COPY 0
COPY 6
COPY 13
COPY 0
COPY 3
COPY 2
COPY 132
COPY 6
COPY 3
COPY 3
COPY 7
COPY 5
COPY 6
COPY 0
COPY 0
COPY 5
COPY 7
COPY 1
COPY 9
 setval 
--------
      1
(1 row)

 setval 
--------
    144
(1 row)

 setval 
--------
   6157
(1 row)

 setval 
--------
      5
(1 row)

 setval 
--------
    235
(1 row)

 setval 
--------
   4800
(1 row)

 setval 
--------
    592
(1 row)

 setval 
--------
     19
(1 row)

 setval 
--------
  25156
(1 row)

 setval 
--------
      1
(1 row)

 setval 
--------
    143
(1 row)

 setval 
--------
     59
(1 row)

 setval 
--------
    161
(1 row)

 setval 
--------
     10
(1 row)

 setval 
--------
      1
(1 row)

 setval 
--------
     12
(1 row)

 setval 
--------
     17
(1 row)

 setval 
--------
     45
(1 row)

 setval 
--------
     33
(1 row)

 setval 
--------
     35
(1 row)

 setval 
--------
    156
(1 row)

 setval 
--------
  14923
(1 row)

 setval 
--------
     58
(1 row)

 setval 
--------
     66
(1 row)

 setval 
--------
      7
(1 row)

 setval 
--------
     46
(1 row)

 setval 
--------
     12
(1 row)

 setval 
--------
      1
(1 row)

 setval 
--------
     26
(1 row)

 setval 
--------
     10
(1 row)

 setval 
--------
      7
(1 row)

 setval 
--------
      1
(1 row)

 setval 
--------
    176
(1 row)

