
> ondoard-backend@1.0.0 start
> node server.js

✅ Connected to PostgreSQL database
✅ Manager creation skipped - managers will be created from employee_master table
🔄 Setting up company emails for existing users and managers...
✅ Database tables initialized successfully
node:events:485
      throw er; // Unhandled 'error' event
      ^

Error: listen EADDRINUSE: address already in use :::5001
    at Server.setupListenHandle [as _listen2] (node:net:1940:16)
    at listenInCluster (node:net:1997:12)
    at Server.listen (node:net:2102:7)
    at app.listen (/Users/stalin_j/onboard/onboard/backend/node_modules/express/lib/application.js:635:24)
    at startServer (/Users/stalin_j/onboard/onboard/backend/server.js:208:9)
    at process.processTicksAndRejections (node:internal/process/task_queues:105:5)
Emitted 'error' event on Server instance at:
    at emitErrorNT (node:net:1976:8)
    at process.processTicksAndRejections (node:internal/process/task_queues:90:21) {
  code: 'EADDRINUSE',
  errno: -48,
  syscall: 'listen',
  address: '::',
  port: 5001
}

Node.js v24.3.0
